<?xml version="1.0" encoding="UTF-8"?>
<testsuite xmlns:xsi="http://www.w3.org/2001/XMLSchema-instance" xsi:noNamespaceSchemaLocation="https://maven.apache.org/surefire/maven-surefire-plugin/xsd/surefire-test-report.xsd" name="com.itheima.service.BookServiceTestCase" time="0.016" tests="2" errors="0" skipped="0" failures="0">
  <properties>
    <property name="sun.desktop" value="windows"/>
    <property name="awt.toolkit" value="sun.awt.windows.WToolkit"/>
    <property name="file.encoding.pkg" value="sun.io"/>
    <property name="java.specification.version" value="1.8"/>
    <property name="sun.cpu.isalist" value="amd64"/>
    <property name="sun.jnu.encoding" value="GBK"/>
    <property name="java.class.path" value="D:\csLearning\SpringBoot2\codes\springboot_08_ssmp\target\test-classes;D:\csLearning\SpringBoot2\codes\springboot_08_ssmp\target\classes;D:\csLearning\maven\repository\org\springframework\boot\spring-boot-starter-web\2.7.11\spring-boot-starter-web-2.7.11.jar;D:\csLearning\maven\repository\org\springframework\boot\spring-boot-starter\2.7.11\spring-boot-starter-2.7.11.jar;D:\csLearning\maven\repository\org\springframework\boot\spring-boot\2.7.11\spring-boot-2.7.11.jar;D:\csLearning\maven\repository\org\springframework\boot\spring-boot-starter-logging\2.7.11\spring-boot-starter-logging-2.7.11.jar;D:\csLearning\maven\repository\ch\qos\logback\logback-classic\1.2.12\logback-classic-1.2.12.jar;D:\csLearning\maven\repository\ch\qos\logback\logback-core\1.2.12\logback-core-1.2.12.jar;D:\csLearning\maven\repository\org\apache\logging\log4j\log4j-to-slf4j\2.17.2\log4j-to-slf4j-2.17.2.jar;D:\csLearning\maven\repository\org\apache\logging\log4j\log4j-api\2.17.2\log4j-api-2.17.2.jar;D:\csLearning\maven\repository\org\slf4j\jul-to-slf4j\1.7.36\jul-to-slf4j-1.7.36.jar;D:\csLearning\maven\repository\jakarta\annotation\jakarta.annotation-api\1.3.5\jakarta.annotation-api-1.3.5.jar;D:\csLearning\maven\repository\org\yaml\snakeyaml\1.30\snakeyaml-1.30.jar;D:\csLearning\maven\repository\org\springframework\boot\spring-boot-starter-json\2.7.11\spring-boot-starter-json-2.7.11.jar;D:\csLearning\maven\repository\com\fasterxml\jackson\core\jackson-databind\2.13.5\jackson-databind-2.13.5.jar;D:\csLearning\maven\repository\com\fasterxml\jackson\core\jackson-annotations\2.13.5\jackson-annotations-2.13.5.jar;D:\csLearning\maven\repository\com\fasterxml\jackson\core\jackson-core\2.13.5\jackson-core-2.13.5.jar;D:\csLearning\maven\repository\com\fasterxml\jackson\datatype\jackson-datatype-jdk8\2.13.5\jackson-datatype-jdk8-2.13.5.jar;D:\csLearning\maven\repository\com\fasterxml\jackson\datatype\jackson-datatype-jsr310\2.13.5\jackson-datatype-jsr310-2.13.5.jar;D:\csLearning\maven\repository\com\fasterxml\jackson\module\jackson-module-parameter-names\2.13.5\jackson-module-parameter-names-2.13.5.jar;D:\csLearning\maven\repository\org\springframework\boot\spring-boot-starter-tomcat\2.7.11\spring-boot-starter-tomcat-2.7.11.jar;D:\csLearning\maven\repository\org\apache\tomcat\embed\tomcat-embed-core\9.0.74\tomcat-embed-core-9.0.74.jar;D:\csLearning\maven\repository\org\apache\tomcat\embed\tomcat-embed-el\9.0.74\tomcat-embed-el-9.0.74.jar;D:\csLearning\maven\repository\org\apache\tomcat\embed\tomcat-embed-websocket\9.0.74\tomcat-embed-websocket-9.0.74.jar;D:\csLearning\maven\repository\org\springframework\spring-web\5.3.27\spring-web-5.3.27.jar;D:\csLearning\maven\repository\org\springframework\spring-beans\5.3.27\spring-beans-5.3.27.jar;D:\csLearning\maven\repository\org\springframework\spring-webmvc\5.3.27\spring-webmvc-5.3.27.jar;D:\csLearning\maven\repository\org\springframework\spring-aop\5.3.27\spring-aop-5.3.27.jar;D:\csLearning\maven\repository\org\springframework\spring-context\5.3.27\spring-context-5.3.27.jar;D:\csLearning\maven\repository\org\springframework\spring-expression\5.3.27\spring-expression-5.3.27.jar;D:\csLearning\maven\repository\com\mysql\mysql-connector-j\8.0.33\mysql-connector-j-8.0.33.jar;D:\csLearning\maven\repository\org\projectlombok\lombok\1.18.26\lombok-1.18.26.jar;D:\csLearning\maven\repository\org\springframework\boot\spring-boot-starter-test\2.7.11\spring-boot-starter-test-2.7.11.jar;D:\csLearning\maven\repository\org\springframework\boot\spring-boot-test\2.7.11\spring-boot-test-2.7.11.jar;D:\csLearning\maven\repository\org\springframework\boot\spring-boot-test-autoconfigure\2.7.11\spring-boot-test-autoconfigure-2.7.11.jar;D:\csLearning\maven\repository\com\jayway\jsonpath\json-path\2.7.0\json-path-2.7.0.jar;D:\csLearning\maven\repository\net\minidev\json-smart\2.4.10\json-smart-2.4.10.jar;D:\csLearning\maven\repository\net\minidev\accessors-smart\2.4.9\accessors-smart-2.4.9.jar;D:\csLearning\maven\repository\org\ow2\asm\asm\9.3\asm-9.3.jar;D:\csLearning\maven\repository\jakarta\xml\bind\jakarta.xml.bind-api\2.3.3\jakarta.xml.bind-api-2.3.3.jar;D:\csLearning\maven\repository\jakarta\activation\jakarta.activation-api\1.2.2\jakarta.activation-api-1.2.2.jar;D:\csLearning\maven\repository\org\assertj\assertj-core\3.22.0\assertj-core-3.22.0.jar;D:\csLearning\maven\repository\org\hamcrest\hamcrest\2.2\hamcrest-2.2.jar;D:\csLearning\maven\repository\org\junit\jupiter\junit-jupiter\5.8.2\junit-jupiter-5.8.2.jar;D:\csLearning\maven\repository\org\junit\jupiter\junit-jupiter-api\5.8.2\junit-jupiter-api-5.8.2.jar;D:\csLearning\maven\repository\org\opentest4j\opentest4j\1.2.0\opentest4j-1.2.0.jar;D:\csLearning\maven\repository\org\junit\platform\junit-platform-commons\1.8.2\junit-platform-commons-1.8.2.jar;D:\csLearning\maven\repository\org\apiguardian\apiguardian-api\1.1.2\apiguardian-api-1.1.2.jar;D:\csLearning\maven\repository\org\junit\jupiter\junit-jupiter-params\5.8.2\junit-jupiter-params-5.8.2.jar;D:\csLearning\maven\repository\org\junit\jupiter\junit-jupiter-engine\5.8.2\junit-jupiter-engine-5.8.2.jar;D:\csLearning\maven\repository\org\junit\platform\junit-platform-engine\1.8.2\junit-platform-engine-1.8.2.jar;D:\csLearning\maven\repository\org\mockito\mockito-core\4.5.1\mockito-core-4.5.1.jar;D:\csLearning\maven\repository\net\bytebuddy\byte-buddy\1.12.23\byte-buddy-1.12.23.jar;D:\csLearning\maven\repository\net\bytebuddy\byte-buddy-agent\1.12.23\byte-buddy-agent-1.12.23.jar;D:\csLearning\maven\repository\org\objenesis\objenesis\3.2\objenesis-3.2.jar;D:\csLearning\maven\repository\org\mockito\mockito-junit-jupiter\4.5.1\mockito-junit-jupiter-4.5.1.jar;D:\csLearning\maven\repository\org\skyscreamer\jsonassert\1.5.1\jsonassert-1.5.1.jar;D:\csLearning\maven\repository\com\vaadin\external\google\android-json\0.0.20131108.vaadin1\android-json-0.0.20131108.vaadin1.jar;D:\csLearning\maven\repository\org\springframework\spring-core\5.3.27\spring-core-5.3.27.jar;D:\csLearning\maven\repository\org\springframework\spring-jcl\5.3.27\spring-jcl-5.3.27.jar;D:\csLearning\maven\repository\org\springframework\spring-test\5.3.27\spring-test-5.3.27.jar;D:\csLearning\maven\repository\org\xmlunit\xmlunit-core\2.9.1\xmlunit-core-2.9.1.jar;D:\csLearning\maven\repository\com\alibaba\druid-spring-boot-starter\1.2.6\druid-spring-boot-starter-1.2.6.jar;D:\csLearning\maven\repository\com\alibaba\druid\1.2.6\druid-1.2.6.jar;D:\csLearning\maven\repository\org\slf4j\slf4j-api\1.7.36\slf4j-api-1.7.36.jar;D:\csLearning\maven\repository\org\springframework\boot\spring-boot-autoconfigure\2.7.11\spring-boot-autoconfigure-2.7.11.jar;D:\csLearning\maven\repository\com\baomidou\mybatis-plus-boot-starter\3.4.3\mybatis-plus-boot-starter-3.4.3.jar;D:\csLearning\maven\repository\com\baomidou\mybatis-plus\3.4.3\mybatis-plus-3.4.3.jar;D:\csLearning\maven\repository\com\baomidou\mybatis-plus-extension\3.4.3\mybatis-plus-extension-3.4.3.jar;D:\csLearning\maven\repository\com\baomidou\mybatis-plus-core\3.4.3\mybatis-plus-core-3.4.3.jar;D:\csLearning\maven\repository\com\baomidou\mybatis-plus-annotation\3.4.3\mybatis-plus-annotation-3.4.3.jar;D:\csLearning\maven\repository\com\github\jsqlparser\jsqlparser\4.0\jsqlparser-4.0.jar;D:\csLearning\maven\repository\org\mybatis\mybatis\3.5.7\mybatis-3.5.7.jar;D:\csLearning\maven\repository\org\mybatis\mybatis-spring\2.0.6\mybatis-spring-2.0.6.jar;D:\csLearning\maven\repository\org\springframework\boot\spring-boot-starter-jdbc\2.7.11\spring-boot-starter-jdbc-2.7.11.jar;D:\csLearning\maven\repository\com\zaxxer\HikariCP\4.0.3\HikariCP-4.0.3.jar;D:\csLearning\maven\repository\org\springframework\spring-jdbc\5.3.27\spring-jdbc-5.3.27.jar;D:\csLearning\maven\repository\org\springframework\spring-tx\5.3.27\spring-tx-5.3.27.jar;"/>
    <property name="java.vm.vendor" value="Azul Systems, Inc."/>
    <property name="sun.arch.data.model" value="64"/>
    <property name="user.variant" value=""/>
    <property name="java.vendor.url" value="http://www.azul.com/"/>
    <property name="user.timezone" value="Asia/Shanghai"/>
    <property name="java.vm.specification.version" value="1.8"/>
    <property name="os.name" value="Windows 10"/>
    <property name="user.country" value="CN"/>
    <property name="sun.java.launcher" value="SUN_STANDARD"/>
    <property name="sun.boot.library.path" value="C:\Users\xqr\.jdks\azul-1.8.0_362\jre\bin"/>
    <property name="sun.java.command" value="C:\Users\xqr\AppData\Local\Temp\surefire6334375997878943552\surefirebooter2445053622425744667.jar C:\Users\xqr\AppData\Local\Temp\surefire6334375997878943552 2023-05-13T21-37-56_688-jvmRun1 surefire5596941657422052207tmp surefire_08694497336760520811tmp"/>
    <property name="surefire.test.class.path" value="D:\csLearning\SpringBoot2\codes\springboot_08_ssmp\target\test-classes;D:\csLearning\SpringBoot2\codes\springboot_08_ssmp\target\classes;D:\csLearning\maven\repository\org\springframework\boot\spring-boot-starter-web\2.7.11\spring-boot-starter-web-2.7.11.jar;D:\csLearning\maven\repository\org\springframework\boot\spring-boot-starter\2.7.11\spring-boot-starter-2.7.11.jar;D:\csLearning\maven\repository\org\springframework\boot\spring-boot\2.7.11\spring-boot-2.7.11.jar;D:\csLearning\maven\repository\org\springframework\boot\spring-boot-starter-logging\2.7.11\spring-boot-starter-logging-2.7.11.jar;D:\csLearning\maven\repository\ch\qos\logback\logback-classic\1.2.12\logback-classic-1.2.12.jar;D:\csLearning\maven\repository\ch\qos\logback\logback-core\1.2.12\logback-core-1.2.12.jar;D:\csLearning\maven\repository\org\apache\logging\log4j\log4j-to-slf4j\2.17.2\log4j-to-slf4j-2.17.2.jar;D:\csLearning\maven\repository\org\apache\logging\log4j\log4j-api\2.17.2\log4j-api-2.17.2.jar;D:\csLearning\maven\repository\org\slf4j\jul-to-slf4j\1.7.36\jul-to-slf4j-1.7.36.jar;D:\csLearning\maven\repository\jakarta\annotation\jakarta.annotation-api\1.3.5\jakarta.annotation-api-1.3.5.jar;D:\csLearning\maven\repository\org\yaml\snakeyaml\1.30\snakeyaml-1.30.jar;D:\csLearning\maven\repository\org\springframework\boot\spring-boot-starter-json\2.7.11\spring-boot-starter-json-2.7.11.jar;D:\csLearning\maven\repository\com\fasterxml\jackson\core\jackson-databind\2.13.5\jackson-databind-2.13.5.jar;D:\csLearning\maven\repository\com\fasterxml\jackson\core\jackson-annotations\2.13.5\jackson-annotations-2.13.5.jar;D:\csLearning\maven\repository\com\fasterxml\jackson\core\jackson-core\2.13.5\jackson-core-2.13.5.jar;D:\csLearning\maven\repository\com\fasterxml\jackson\datatype\jackson-datatype-jdk8\2.13.5\jackson-datatype-jdk8-2.13.5.jar;D:\csLearning\maven\repository\com\fasterxml\jackson\datatype\jackson-datatype-jsr310\2.13.5\jackson-datatype-jsr310-2.13.5.jar;D:\csLearning\maven\repository\com\fasterxml\jackson\module\jackson-module-parameter-names\2.13.5\jackson-module-parameter-names-2.13.5.jar;D:\csLearning\maven\repository\org\springframework\boot\spring-boot-starter-tomcat\2.7.11\spring-boot-starter-tomcat-2.7.11.jar;D:\csLearning\maven\repository\org\apache\tomcat\embed\tomcat-embed-core\9.0.74\tomcat-embed-core-9.0.74.jar;D:\csLearning\maven\repository\org\apache\tomcat\embed\tomcat-embed-el\9.0.74\tomcat-embed-el-9.0.74.jar;D:\csLearning\maven\repository\org\apache\tomcat\embed\tomcat-embed-websocket\9.0.74\tomcat-embed-websocket-9.0.74.jar;D:\csLearning\maven\repository\org\springframework\spring-web\5.3.27\spring-web-5.3.27.jar;D:\csLearning\maven\repository\org\springframework\spring-beans\5.3.27\spring-beans-5.3.27.jar;D:\csLearning\maven\repository\org\springframework\spring-webmvc\5.3.27\spring-webmvc-5.3.27.jar;D:\csLearning\maven\repository\org\springframework\spring-aop\5.3.27\spring-aop-5.3.27.jar;D:\csLearning\maven\repository\org\springframework\spring-context\5.3.27\spring-context-5.3.27.jar;D:\csLearning\maven\repository\org\springframework\spring-expression\5.3.27\spring-expression-5.3.27.jar;D:\csLearning\maven\repository\com\mysql\mysql-connector-j\8.0.33\mysql-connector-j-8.0.33.jar;D:\csLearning\maven\repository\org\projectlombok\lombok\1.18.26\lombok-1.18.26.jar;D:\csLearning\maven\repository\org\springframework\boot\spring-boot-starter-test\2.7.11\spring-boot-starter-test-2.7.11.jar;D:\csLearning\maven\repository\org\springframework\boot\spring-boot-test\2.7.11\spring-boot-test-2.7.11.jar;D:\csLearning\maven\repository\org\springframework\boot\spring-boot-test-autoconfigure\2.7.11\spring-boot-test-autoconfigure-2.7.11.jar;D:\csLearning\maven\repository\com\jayway\jsonpath\json-path\2.7.0\json-path-2.7.0.jar;D:\csLearning\maven\repository\net\minidev\json-smart\2.4.10\json-smart-2.4.10.jar;D:\csLearning\maven\repository\net\minidev\accessors-smart\2.4.9\accessors-smart-2.4.9.jar;D:\csLearning\maven\repository\org\ow2\asm\asm\9.3\asm-9.3.jar;D:\csLearning\maven\repository\jakarta\xml\bind\jakarta.xml.bind-api\2.3.3\jakarta.xml.bind-api-2.3.3.jar;D:\csLearning\maven\repository\jakarta\activation\jakarta.activation-api\1.2.2\jakarta.activation-api-1.2.2.jar;D:\csLearning\maven\repository\org\assertj\assertj-core\3.22.0\assertj-core-3.22.0.jar;D:\csLearning\maven\repository\org\hamcrest\hamcrest\2.2\hamcrest-2.2.jar;D:\csLearning\maven\repository\org\junit\jupiter\junit-jupiter\5.8.2\junit-jupiter-5.8.2.jar;D:\csLearning\maven\repository\org\junit\jupiter\junit-jupiter-api\5.8.2\junit-jupiter-api-5.8.2.jar;D:\csLearning\maven\repository\org\opentest4j\opentest4j\1.2.0\opentest4j-1.2.0.jar;D:\csLearning\maven\repository\org\junit\platform\junit-platform-commons\1.8.2\junit-platform-commons-1.8.2.jar;D:\csLearning\maven\repository\org\apiguardian\apiguardian-api\1.1.2\apiguardian-api-1.1.2.jar;D:\csLearning\maven\repository\org\junit\jupiter\junit-jupiter-params\5.8.2\junit-jupiter-params-5.8.2.jar;D:\csLearning\maven\repository\org\junit\jupiter\junit-jupiter-engine\5.8.2\junit-jupiter-engine-5.8.2.jar;D:\csLearning\maven\repository\org\junit\platform\junit-platform-engine\1.8.2\junit-platform-engine-1.8.2.jar;D:\csLearning\maven\repository\org\mockito\mockito-core\4.5.1\mockito-core-4.5.1.jar;D:\csLearning\maven\repository\net\bytebuddy\byte-buddy\1.12.23\byte-buddy-1.12.23.jar;D:\csLearning\maven\repository\net\bytebuddy\byte-buddy-agent\1.12.23\byte-buddy-agent-1.12.23.jar;D:\csLearning\maven\repository\org\objenesis\objenesis\3.2\objenesis-3.2.jar;D:\csLearning\maven\repository\org\mockito\mockito-junit-jupiter\4.5.1\mockito-junit-jupiter-4.5.1.jar;D:\csLearning\maven\repository\org\skyscreamer\jsonassert\1.5.1\jsonassert-1.5.1.jar;D:\csLearning\maven\repository\com\vaadin\external\google\android-json\0.0.20131108.vaadin1\android-json-0.0.20131108.vaadin1.jar;D:\csLearning\maven\repository\org\springframework\spring-core\5.3.27\spring-core-5.3.27.jar;D:\csLearning\maven\repository\org\springframework\spring-jcl\5.3.27\spring-jcl-5.3.27.jar;D:\csLearning\maven\repository\org\springframework\spring-test\5.3.27\spring-test-5.3.27.jar;D:\csLearning\maven\repository\org\xmlunit\xmlunit-core\2.9.1\xmlunit-core-2.9.1.jar;D:\csLearning\maven\repository\com\alibaba\druid-spring-boot-starter\1.2.6\druid-spring-boot-starter-1.2.6.jar;D:\csLearning\maven\repository\com\alibaba\druid\1.2.6\druid-1.2.6.jar;D:\csLearning\maven\repository\org\slf4j\slf4j-api\1.7.36\slf4j-api-1.7.36.jar;D:\csLearning\maven\repository\org\springframework\boot\spring-boot-autoconfigure\2.7.11\spring-boot-autoconfigure-2.7.11.jar;D:\csLearning\maven\repository\com\baomidou\mybatis-plus-boot-starter\3.4.3\mybatis-plus-boot-starter-3.4.3.jar;D:\csLearning\maven\repository\com\baomidou\mybatis-plus\3.4.3\mybatis-plus-3.4.3.jar;D:\csLearning\maven\repository\com\baomidou\mybatis-plus-extension\3.4.3\mybatis-plus-extension-3.4.3.jar;D:\csLearning\maven\repository\com\baomidou\mybatis-plus-core\3.4.3\mybatis-plus-core-3.4.3.jar;D:\csLearning\maven\repository\com\baomidou\mybatis-plus-annotation\3.4.3\mybatis-plus-annotation-3.4.3.jar;D:\csLearning\maven\repository\com\github\jsqlparser\jsqlparser\4.0\jsqlparser-4.0.jar;D:\csLearning\maven\repository\org\mybatis\mybatis\3.5.7\mybatis-3.5.7.jar;D:\csLearning\maven\repository\org\mybatis\mybatis-spring\2.0.6\mybatis-spring-2.0.6.jar;D:\csLearning\maven\repository\org\springframework\boot\spring-boot-starter-jdbc\2.7.11\spring-boot-starter-jdbc-2.7.11.jar;D:\csLearning\maven\repository\com\zaxxer\HikariCP\4.0.3\HikariCP-4.0.3.jar;D:\csLearning\maven\repository\org\springframework\spring-jdbc\5.3.27\spring-jdbc-5.3.27.jar;D:\csLearning\maven\repository\org\springframework\spring-tx\5.3.27\spring-tx-5.3.27.jar;"/>
    <property name="sun.cpu.endian" value="little"/>
    <property name="user.home" value="C:\Users\xqr"/>
    <property name="user.language" value="zh"/>
    <property name="java.specification.vendor" value="Oracle Corporation"/>
    <property name="java.home" value="C:\Users\xqr\.jdks\azul-1.8.0_362\jre"/>
    <property name="basedir" value="D:\csLearning\SpringBoot2\codes\springboot_08_ssmp"/>
    <property name="file.separator" value="\"/>
    <property name="line.separator" value="&#10;"/>
    <property name="jdk.vendor.version" value="Zulu 8.68.0.21-CA-win64"/>
    <property name="java.vm.specification.vendor" value="Oracle Corporation"/>
    <property name="java.specification.name" value="Java Platform API Specification"/>
    <property name="java.awt.graphicsenv" value="sun.awt.Win32GraphicsEnvironment"/>
    <property name="surefire.real.class.path" value="C:\Users\xqr\AppData\Local\Temp\surefire6334375997878943552\surefirebooter2445053622425744667.jar"/>
    <property name="sun.boot.class.path" value="C:\Users\xqr\.jdks\azul-1.8.0_362\jre\lib\resources.jar;C:\Users\xqr\.jdks\azul-1.8.0_362\jre\lib\rt.jar;C:\Users\xqr\.jdks\azul-1.8.0_362\jre\lib\sunrsasign.jar;C:\Users\xqr\.jdks\azul-1.8.0_362\jre\lib\jsse.jar;C:\Users\xqr\.jdks\azul-1.8.0_362\jre\lib\jce.jar;C:\Users\xqr\.jdks\azul-1.8.0_362\jre\lib\charsets.jar;C:\Users\xqr\.jdks\azul-1.8.0_362\jre\lib\jfr.jar;C:\Users\xqr\.jdks\azul-1.8.0_362\jre\lib\cat.jar;C:\Users\xqr\.jdks\azul-1.8.0_362\jre\classes"/>
    <property name="user.script" value=""/>
    <property name="sun.management.compiler" value="HotSpot 64-Bit Tiered Compilers"/>
    <property name="java.runtime.version" value="1.8.0_362-b09"/>
    <property name="user.name" value="xqr"/>
    <property name="path.separator" value=";"/>
    <property name="os.version" value="10.0"/>
    <property name="java.endorsed.dirs" value="C:\Users\xqr\.jdks\azul-1.8.0_362\jre\lib\endorsed"/>
    <property name="java.runtime.name" value="OpenJDK Runtime Environment"/>
    <property name="file.encoding" value="GBK"/>
    <property name="java.vm.name" value="OpenJDK 64-Bit Server VM"/>
    <property name="localRepository" value="D:\csLearning\maven\repository"/>
    <property name="java.vendor.url.bug" value="http://www.azul.com/support/"/>
    <property name="java.io.tmpdir" value="C:\Users\xqr\AppData\Local\Temp\"/>
    <property name="idea.version" value="2021.1.1"/>
    <property name="java.version" value="1.8.0_362"/>
    <property name="user.dir" value="D:\csLearning\SpringBoot2\codes\springboot_08_ssmp"/>
    <property name="os.arch" value="amd64"/>
    <property name="java.vm.specification.name" value="Java Virtual Machine Specification"/>
    <property name="java.awt.printerjob" value="sun.awt.windows.WPrinterJob"/>
    <property name="sun.os.patch.level" value=""/>
    <property name="java.library.path" value="C:\Users\xqr\.jdks\azul-1.8.0_362\jre\bin;C:\Windows\Sun\Java\bin;C:\Windows\system32;C:\Windows;D:\csLearning\Linux\VMware16.2\bin\;C:\Program Files (x86)\VMware\VMware Workstation\bin\;C:\Program Files\Common Files\Oracle\Java\javapath;D:\MySQL\MySQL_Server\bin;D:\LINUX学习\bin\;C:\Windows\system32;C:\Windows;C:\Windows\System32\Wbem;C:\Windows\System32\WindowsPowerShell\v1.0\;C:\Windows\System32\OpenSSH\;D:\大一下\python资料;D:\大一下\python资料\venv\Scripts;C:\Users\xqr\AppData\Roaming\pip\pip.ini;D:\常用软件\qq\Bin;D:\newmatlab\runtime\win64;D:\newmatlab\bin;D:\newmatlab\polyspace\bin;D:\MySQL\mysql-8.0.32-winx64 (1)\mysql-8.0.32-winx64;D:\MySQL\mysql-8.0.32-winx64 (1)\mysql-8.0.32-winx64\bin;D:\csLearning\maven\apache-maven-3.9.1\bin;C:\Users\xqr\AppData\Local\Programs\Python\Python310\Scripts\;C:\Users\xqr\AppData\Local\Programs\Python\Python310\;C:\Users\xqr\AppData\Local\Microsoft\WindowsApps;D:\大一下\python资料\PyCharm Community Edition 2021.3.2\bin;;D:\Microsoft VS Code\bin;C:\ProgramData\xqr\GitHubDesktop\bin;D:\csLearning\JDKs\jdk19\bin;D:\csLearning\Javaweb\tomCat\apache-tomcat-10.1.7\bin;;."/>
    <property name="java.vm.info" value="mixed mode"/>
    <property name="java.vendor" value="Azul Systems, Inc."/>
    <property name="java.vm.version" value="25.362-b09"/>
    <property name="java.specification.maintenance.version" value="4"/>
    <property name="java.ext.dirs" value="C:\Users\xqr\.jdks\azul-1.8.0_362\jre\lib\ext;C:\Windows\Sun\Java\lib\ext"/>
    <property name="sun.io.unicode.encoding" value="UnicodeLittle"/>
    <property name="maven.repo.local" value="D:\csLearning\maven\repository"/>
    <property name="java.class.version" value="52.0"/>
  </properties>
  <testcase name="testGetById" classname="com.itheima.service.BookServiceTestCase" time="0"/>
  <testcase name="TestGetPage" classname="com.itheima.service.BookServiceTestCase" time="0.016"/>
</testsuite>